0 info it worked if it ends with ok
1 verbose cli [ '/usr/local/bin/node', '/usr/local/bin/npm', 'publish' ]
2 info using npm@3.9.0
3 info using node@v4.4.4
4 verbose publish [ '.' ]
5 silly cache add args [ '.', null ]
6 verbose cache add spec .
7 silly cache add parsed spec Result {
7 silly cache add   raw: '.',
7 silly cache add   scope: null,
7 silly cache add   name: null,
7 silly cache add   rawSpec: '.',
7 silly cache add   spec: '/Users/dcoellar/webapps/parse-env',
7 silly cache add   type: 'directory' }
8 verbose addLocalDirectory /Users/dcoellar/.npm/parse-env/1.0.0/package.tgz not in flight; packing
9 verbose correctMkdir /Users/dcoellar/.npm correctMkdir not in flight; initializing
10 info lifecycle parse-env@1.0.0~prepublish: parse-env@1.0.0
11 silly lifecycle parse-env@1.0.0~prepublish: no script for prepublish, continuing
12 verbose tar pack [ '/Users/dcoellar/.npm/parse-env/1.0.0/package.tgz',
12 verbose tar pack   '/Users/dcoellar/webapps/parse-env' ]
13 verbose tarball /Users/dcoellar/.npm/parse-env/1.0.0/package.tgz
14 verbose folder /Users/dcoellar/webapps/parse-env
15 verbose addLocalTarball adding from inside cache /Users/dcoellar/.npm/parse-env/1.0.0/package.tgz
16 verbose correctMkdir /Users/dcoellar/.npm correctMkdir not in flight; initializing
17 silly cache afterAdd parse-env@1.0.0
18 verbose afterAdd /Users/dcoellar/.npm/parse-env/1.0.0/package/package.json not in flight; writing
19 verbose correctMkdir /Users/dcoellar/.npm correctMkdir not in flight; initializing
20 verbose afterAdd /Users/dcoellar/.npm/parse-env/1.0.0/package/package.json written
21 silly publish { name: 'parse-env',
21 silly publish   version: '1.0.0',
21 silly publish   description: 'Environment chooser',
21 silly publish   main: 'parse-env.js',
21 silly publish   scripts: { test: 'echo "Error: no test specified" && exit 1' },
21 silly publish   author: { name: 'Daniel Coellar' },
21 silly publish   license: 'ISC',
21 silly publish   dependencies: { parse: '>= 1.6.0' },
21 silly publish   readme: 'ERROR: No README data found!',
21 silly publish   _id: 'parse-env@1.0.0',
21 silly publish   _shasum: 'ccd2bf8df34ede0b8c144e35df8221357c712c24',
21 silly publish   _from: '.' }
22 verbose getPublishConfig undefined
23 silly mapToRegistry name parse-env
24 silly mapToRegistry using default registry
25 silly mapToRegistry registry https://registry.npmjs.org/
26 silly mapToRegistry data Result {
26 silly mapToRegistry   raw: 'parse-env',
26 silly mapToRegistry   scope: null,
26 silly mapToRegistry   name: 'parse-env',
26 silly mapToRegistry   rawSpec: '',
26 silly mapToRegistry   spec: 'latest',
26 silly mapToRegistry   type: 'tag' }
27 silly mapToRegistry uri https://registry.npmjs.org/parse-env
28 verbose publish registryBase https://registry.npmjs.org/
29 silly publish uploading /Users/dcoellar/.npm/parse-env/1.0.0/package.tgz
30 verbose request uri https://registry.npmjs.org/parse-env
31 verbose request sending authorization for write operation
32 info attempt registry request try #1 at 11:23:14 AM
33 verbose request using bearer token for auth
34 verbose request id 12e085afa034c4ed
35 http request PUT https://registry.npmjs.org/parse-env
36 http 403 https://registry.npmjs.org/parse-env
37 verbose headers { 'content-type': 'application/json',
37 verbose headers   'cache-control': 'max-age=300',
37 verbose headers   'content-length': '103',
37 verbose headers   'accept-ranges': 'bytes',
37 verbose headers   date: 'Tue, 09 Aug 2016 16:19:26 GMT',
37 verbose headers   via: '1.1 varnish',
37 verbose headers   connection: 'keep-alive',
37 verbose headers   'x-served-by': 'cache-mia1322-MIA',
37 verbose headers   'x-cache': 'MISS',
37 verbose headers   'x-cache-hits': '0',
37 verbose headers   'x-timer': 'S1470759566.033710,VS0,VE648',
37 verbose headers   vary: 'Accept-Encoding' }
38 verbose request invalidating /Users/dcoellar/.npm/registry.npmjs.org/parse-env on PUT
39 error publish Failed PUT 403
40 verbose stack Error: you do not have permission to publish "parse-env". Are you logged in as the correct user? : parse-env
40 verbose stack     at makeError (/usr/local/lib/node_modules/npm/node_modules/npm-registry-client/lib/request.js:264:12)
40 verbose stack     at CachingRegistryClient.<anonymous> (/usr/local/lib/node_modules/npm/node_modules/npm-registry-client/lib/request.js:252:14)
40 verbose stack     at Request._callback (/usr/local/lib/node_modules/npm/node_modules/npm-registry-client/lib/request.js:172:14)
40 verbose stack     at Request.self.callback (/usr/local/lib/node_modules/npm/node_modules/request/request.js:200:22)
40 verbose stack     at emitTwo (events.js:87:13)
40 verbose stack     at Request.emit (events.js:172:7)
40 verbose stack     at Request.<anonymous> (/usr/local/lib/node_modules/npm/node_modules/request/request.js:1067:10)
40 verbose stack     at emitOne (events.js:82:20)
40 verbose stack     at Request.emit (events.js:169:7)
40 verbose stack     at IncomingMessage.<anonymous> (/usr/local/lib/node_modules/npm/node_modules/request/request.js:988:12)
41 verbose statusCode 403
42 verbose pkgid parse-env
43 verbose cwd /Users/dcoellar/webapps/parse-env
44 error Darwin 15.5.0
45 error argv "/usr/local/bin/node" "/usr/local/bin/npm" "publish"
46 error node v4.4.4
47 error npm  v3.9.0
48 error code E403
49 error you do not have permission to publish "parse-env". Are you logged in as the correct user? : parse-env
50 error If you need help, you may report this error at:
50 error     <https://github.com/npm/npm/issues>
51 verbose exit [ 1, true ]
